<?xml version="1.0" encoding="UTF-8"?>
<!-- Generated by org.testng.reporters.JUnitReportReporter -->
<testsuite hostname="DESKTOP-UB6TGO0" failures="0" tests="4" name="facebook.LoginTest_DataProvider" time="6.505" errors="0" timestamp="2023-04-21T14:25:37 PDT" skipped="0">
  <testcase classname="facebook.LoginTest_DataProvider" name="testLogin" time="1.695"/>
  <system-out/>
  <testcase classname="facebook.LoginTest_DataProvider" name="testLogin" time="1.684"/>
  <system-out/>
  <testcase classname="facebook.LoginTest_DataProvider" name="testLogin" time="1.574"/>
  <system-out/>
  <testcase classname="facebook.LoginTest_DataProvider" name="testLogin" time="1.552"/>
  <system-out/>
</testsuite> <!-- facebook.LoginTest_DataProvider -->
