<?xml version="1.0" encoding="UTF-8"?>
<!-- Generated by org.testng.reporters.JUnitReportReporter -->
<testsuite hostname="DESKTOP-UB6TGO0" failures="0" tests="1" name="log4jdemo.LoggingDemo" time="0.009" errors="0" timestamp="2023-04-21T14:13:03 PDT" skipped="0">
  <testcase classname="log4jdemo.LoggingDemo" name="TestLogging" time="0.009"/>
  <system-out/>
</testsuite> <!-- log4jdemo.LoggingDemo -->
