<?xml version="1.0" encoding="UTF-8"?>
<!-- Generated by org.testng.reporters.JUnitReportReporter -->
<testsuite hostname="DESKTOP-UB6TGO0" failures="0" tests="1" name="facebook.LoginTest" time="49.196" errors="0" timestamp="2023-04-14T19:05:11 PDT" skipped="0">
  <testcase classname="facebook.LoginTest" name="TestLogin" time="49.196"/>
  <system-out/>
</testsuite> <!-- facebook.LoginTest -->
