<?xml version="1.0" encoding="UTF-8"?>
<!-- Generated by org.testng.reporters.JUnitReportReporter -->
<testsuite hostname="DESKTOP-UB6TGO0" failures="0" tests="1" name="log4jdemo2.LoggingFileDemo" time="0.007" errors="0" timestamp="2023-04-21T11:38:52 PDT" skipped="0">
  <testcase classname="log4jdemo2.LoggingFileDemo" name="TestLogging" time="0.007"/>
  <system-out/>
</testsuite> <!-- log4jdemo2.LoggingFileDemo -->
