<?xml version="1.0" encoding="UTF-8"?>
<!-- Generated by org.testng.reporters.JUnitReportReporter -->
<testsuite hostname="DESKTOP-UB6TGO0" failures="0" tests="1" name="saucelab.NewTest" time="9.311" errors="0" timestamp="2023-04-18T11:41:01 PDT" skipped="0">
  <testcase classname="saucelab.NewTest" name="f" time="9.311"/>
  <system-out/>
</testsuite> <!-- saucelab.NewTest -->
