<?xml version="1.0" encoding="UTF-8"?>
<!-- Generated by org.testng.reporters.JUnitReportReporter -->
<testsuite hostname="DESKTOP-UB6TGO0" failures="0" tests="4" name="facebook.LoginTest_DataProvider" time="6.355" errors="0" timestamp="2023-04-19T18:05:32 PDT" skipped="0">
  <testcase classname="facebook.LoginTest_DataProvider" name="testLogin" time="1.667"/>
  <system-out/>
  <testcase classname="facebook.LoginTest_DataProvider" name="testLogin" time="1.605"/>
  <system-out/>
  <testcase classname="facebook.LoginTest_DataProvider" name="testLogin" time="1.514"/>
  <system-out/>
  <testcase classname="facebook.LoginTest_DataProvider" name="testLogin" time="1.569"/>
  <system-out/>
</testsuite> <!-- facebook.LoginTest_DataProvider -->
