<?xml version="1.0" encoding="UTF-8"?>
<!-- Generated by org.testng.reporters.JUnitReportReporter -->
<testsuite hostname="DESKTOP-UB6TGO0" failures="0" tests="5" name="com.thaoorg.thaoproj.GroupingTest" time="0.002" errors="0" timestamp="2023-04-17T16:28:22 PDT" skipped="0">
  <testcase classname="com.thaoorg.thaoproj.GroupingTest" name="test5" time="0.000"/>
  <system-out/>
  <testcase classname="com.thaoorg.thaoproj.GroupingTest" name="test1" time="0.002"/>
  <system-out/>
  <testcase classname="com.thaoorg.thaoproj.GroupingTest" name="test2" time="0.000"/>
  <system-out/>
  <testcase classname="com.thaoorg.thaoproj.GroupingTest" name="test4" time="0.000"/>
  <system-out/>
  <testcase classname="com.thaoorg.thaoproj.GroupingTest" name="test3" time="0.000"/>
  <system-out/>
</testsuite> <!-- com.thaoorg.thaoproj.GroupingTest -->
