<?xml version="1.0" encoding="UTF-8"?>
<!-- Generated by org.testng.reporters.JUnitReportReporter -->
<testsuite hostname="DESKTOP-UB6TGO0" failures="0" tests="1" name="facebook.SeleniumGrid_LoginTest" time="3.273" errors="0" timestamp="2023-04-11T18:59:59 PDT" skipped="0">
  <testcase classname="facebook.SeleniumGrid_LoginTest" name="TestLogin" time="3.273"/>
  <system-out/>
</testsuite> <!-- facebook.SeleniumGrid_LoginTest -->
